{"timestamp":"2026-05-20T02:16:46.673Z","eventType":"quarantine_started","incidentId":"487772cd-3cb5-4633-988b-89bbcc433c1f","rootPath":"/tmp/team404-integration-h4Zy2n"}
{"timestamp":"2026-05-20T02:16:46.689Z","eventType":"quarantine_progress","incidentId":"487772cd-3cb5-4633-988b-89bbcc433c1f","rootPath":"/tmp/team404-integration-h4Zy2n","filePath":"/tmp/team404-integration-h4Zy2n/subdir/file2.txt","result":"success"}
{"timestamp":"2026-05-20T02:16:46.690Z","eventType":"quarantine_progress","incidentId":"487772cd-3cb5-4633-988b-89bbcc433c1f","rootPath":"/tmp/team404-integration-h4Zy2n","filePath":"/tmp/team404-integration-h4Zy2n/file1.txt","result":"success"}
{"timestamp":"2026-05-20T02:16:46.690Z","eventType":"quarantine_progress","incidentId":"487772cd-3cb5-4633-988b-89bbcc433c1f","rootPath":"/tmp/team404-integration-h4Zy2n","filePath":"/tmp/team404-integration-h4Zy2n","result":"success"}
{"timestamp":"2026-05-20T02:16:46.690Z","eventType":"quarantine_progress","incidentId":"487772cd-3cb5-4633-988b-89bbcc433c1f","rootPath":"/tmp/team404-integration-h4Zy2n","filePath":"/tmp/team404-integration-h4Zy2n/subdir","result":"success"}
{"timestamp":"2026-05-20T02:16:46.691Z","eventType":"quarantine_completed","incidentId":"487772cd-3cb5-4633-988b-89bbcc433c1f","rootPath":"/tmp/team404-integration-h4Zy2n","entryCount":4}
{"timestamp":"2026-05-20T02:16:46.691Z","eventType":"restore_requested","incidentId":"487772cd-3cb5-4633-988b-89bbcc433c1f","rootPath":"/tmp/team404-integration-h4Zy2n"}
{"timestamp":"2026-05-20T02:16:46.704Z","eventType":"quarantine_progress","incidentId":"487772cd-3cb5-4633-988b-89bbcc433c1f","rootPath":"/tmp/team404-integration-h4Zy2n","filePath":"/tmp/team404-integration-h4Zy2n","result":"success"}
{"timestamp":"2026-05-20T02:16:46.704Z","eventType":"quarantine_progress","incidentId":"487772cd-3cb5-4633-988b-89bbcc433c1f","rootPath":"/tmp/team404-integration-h4Zy2n","filePath":"/tmp/team404-integration-h4Zy2n/file1.txt","result":"success"}
{"timestamp":"2026-05-20T02:16:46.705Z","eventType":"quarantine_progress","incidentId":"487772cd-3cb5-4633-988b-89bbcc433c1f","rootPath":"/tmp/team404-integration-h4Zy2n","filePath":"/tmp/team404-integration-h4Zy2n/subdir","result":"success"}
{"timestamp":"2026-05-20T02:16:46.705Z","eventType":"quarantine_progress","incidentId":"487772cd-3cb5-4633-988b-89bbcc433c1f","rootPath":"/tmp/team404-integration-h4Zy2n","filePath":"/tmp/team404-integration-h4Zy2n/subdir/file2.txt","result":"success"}
{"timestamp":"2026-05-20T02:16:46.706Z","eventType":"restore_completed","incidentId":"487772cd-3cb5-4633-988b-89bbcc433c1f","rootPath":"/tmp/team404-integration-h4Zy2n","entryCount":4}
{"timestamp":"2026-05-20T02:17:21.771Z","eventType":"quarantine_started","incidentId":"d3b24aa5-bcb5-45da-a280-084d94272466","rootPath":"/tmp/team404-integration-NSVrZN"}
{"timestamp":"2026-05-20T02:17:21.781Z","eventType":"quarantine_progress","incidentId":"d3b24aa5-bcb5-45da-a280-084d94272466","rootPath":"/tmp/team404-integration-NSVrZN","filePath":"/tmp/team404-integration-NSVrZN/subdir/file2.txt","result":"success"}
{"timestamp":"2026-05-20T02:17:21.781Z","eventType":"quarantine_progress","incidentId":"d3b24aa5-bcb5-45da-a280-084d94272466","rootPath":"/tmp/team404-integration-NSVrZN","filePath":"/tmp/team404-integration-NSVrZN/file1.txt","result":"success"}
{"timestamp":"2026-05-20T02:17:21.782Z","eventType":"quarantine_progress","incidentId":"d3b24aa5-bcb5-45da-a280-084d94272466","rootPath":"/tmp/team404-integration-NSVrZN","filePath":"/tmp/team404-integration-NSVrZN","result":"success"}
{"timestamp":"2026-05-20T02:17:21.782Z","eventType":"quarantine_progress","incidentId":"d3b24aa5-bcb5-45da-a280-084d94272466","rootPath":"/tmp/team404-integration-NSVrZN","filePath":"/tmp/team404-integration-NSVrZN/subdir","result":"success"}
{"timestamp":"2026-05-20T02:17:21.783Z","eventType":"quarantine_completed","incidentId":"d3b24aa5-bcb5-45da-a280-084d94272466","rootPath":"/tmp/team404-integration-NSVrZN","entryCount":4}
{"timestamp":"2026-05-20T02:17:21.783Z","eventType":"restore_requested","incidentId":"d3b24aa5-bcb5-45da-a280-084d94272466","rootPath":"/tmp/team404-integration-NSVrZN"}
{"timestamp":"2026-05-20T02:17:21.794Z","eventType":"quarantine_progress","incidentId":"d3b24aa5-bcb5-45da-a280-084d94272466","rootPath":"/tmp/team404-integration-NSVrZN","filePath":"/tmp/team404-integration-NSVrZN","result":"success"}
{"timestamp":"2026-05-20T02:17:21.794Z","eventType":"quarantine_progress","incidentId":"d3b24aa5-bcb5-45da-a280-084d94272466","rootPath":"/tmp/team404-integration-NSVrZN","filePath":"/tmp/team404-integration-NSVrZN/file1.txt","result":"success"}
{"timestamp":"2026-05-20T02:17:21.795Z","eventType":"quarantine_progress","incidentId":"d3b24aa5-bcb5-45da-a280-084d94272466","rootPath":"/tmp/team404-integration-NSVrZN","filePath":"/tmp/team404-integration-NSVrZN/subdir","result":"success"}
{"timestamp":"2026-05-20T02:17:21.795Z","eventType":"quarantine_progress","incidentId":"d3b24aa5-bcb5-45da-a280-084d94272466","rootPath":"/tmp/team404-integration-NSVrZN","filePath":"/tmp/team404-integration-NSVrZN/subdir/file2.txt","result":"success"}
{"timestamp":"2026-05-20T02:17:21.795Z","eventType":"restore_completed","incidentId":"d3b24aa5-bcb5-45da-a280-084d94272466","rootPath":"/tmp/team404-integration-NSVrZN","entryCount":4}
{"timestamp":"2026-05-20T02:17:27.749Z","eventType":"quarantine_started","incidentId":"ea0d3dee-d2d3-4d20-9926-1670b1c50ada","rootPath":"/tmp/team404-integration-O29FH4"}
{"timestamp":"2026-05-20T02:17:27.768Z","eventType":"quarantine_progress","incidentId":"ea0d3dee-d2d3-4d20-9926-1670b1c50ada","rootPath":"/tmp/team404-integration-O29FH4","filePath":"/tmp/team404-integration-O29FH4/subdir/file2.txt","result":"success"}
{"timestamp":"2026-05-20T02:17:27.768Z","eventType":"quarantine_progress","incidentId":"ea0d3dee-d2d3-4d20-9926-1670b1c50ada","rootPath":"/tmp/team404-integration-O29FH4","filePath":"/tmp/team404-integration-O29FH4/file1.txt","result":"success"}
{"timestamp":"2026-05-20T02:17:27.769Z","eventType":"quarantine_progress","incidentId":"ea0d3dee-d2d3-4d20-9926-1670b1c50ada","rootPath":"/tmp/team404-integration-O29FH4","filePath":"/tmp/team404-integration-O29FH4","result":"success"}
{"timestamp":"2026-05-20T02:17:27.769Z","eventType":"quarantine_progress","incidentId":"ea0d3dee-d2d3-4d20-9926-1670b1c50ada","rootPath":"/tmp/team404-integration-O29FH4","filePath":"/tmp/team404-integration-O29FH4/subdir","result":"success"}
{"timestamp":"2026-05-20T02:17:27.769Z","eventType":"quarantine_completed","incidentId":"ea0d3dee-d2d3-4d20-9926-1670b1c50ada","rootPath":"/tmp/team404-integration-O29FH4","entryCount":4}
{"timestamp":"2026-05-20T02:17:27.770Z","eventType":"restore_requested","incidentId":"ea0d3dee-d2d3-4d20-9926-1670b1c50ada","rootPath":"/tmp/team404-integration-O29FH4"}
{"timestamp":"2026-05-20T02:17:27.788Z","eventType":"quarantine_progress","incidentId":"ea0d3dee-d2d3-4d20-9926-1670b1c50ada","rootPath":"/tmp/team404-integration-O29FH4","filePath":"/tmp/team404-integration-O29FH4","result":"success"}
{"timestamp":"2026-05-20T02:17:27.789Z","eventType":"quarantine_progress","incidentId":"ea0d3dee-d2d3-4d20-9926-1670b1c50ada","rootPath":"/tmp/team404-integration-O29FH4","filePath":"/tmp/team404-integration-O29FH4/file1.txt","result":"success"}
{"timestamp":"2026-05-20T02:17:27.789Z","eventType":"quarantine_progress","incidentId":"ea0d3dee-d2d3-4d20-9926-1670b1c50ada","rootPath":"/tmp/team404-integration-O29FH4","filePath":"/tmp/team404-integration-O29FH4/subdir","result":"success"}
{"timestamp":"2026-05-20T02:17:27.789Z","eventType":"quarantine_progress","incidentId":"ea0d3dee-d2d3-4d20-9926-1670b1c50ada","rootPath":"/tmp/team404-integration-O29FH4","filePath":"/tmp/team404-integration-O29FH4/subdir/file2.txt","result":"success"}
{"timestamp":"2026-05-20T02:17:27.790Z","eventType":"restore_completed","incidentId":"ea0d3dee-d2d3-4d20-9926-1670b1c50ada","rootPath":"/tmp/team404-integration-O29FH4","entryCount":4}
{"timestamp":"2026-05-20T02:19:29.254Z","eventType":"quarantine_started","incidentId":"42769fa5-3dd6-4e76-b012-0ab4e968d2fd","rootPath":"/tmp/team404-integration-JLYcPM"}
{"timestamp":"2026-05-20T02:19:29.268Z","eventType":"quarantine_progress","incidentId":"42769fa5-3dd6-4e76-b012-0ab4e968d2fd","rootPath":"/tmp/team404-integration-JLYcPM","filePath":"/tmp/team404-integration-JLYcPM/subdir/file2.txt","result":"success"}
{"timestamp":"2026-05-20T02:19:29.269Z","eventType":"quarantine_progress","incidentId":"42769fa5-3dd6-4e76-b012-0ab4e968d2fd","rootPath":"/tmp/team404-integration-JLYcPM","filePath":"/tmp/team404-integration-JLYcPM/file1.txt","result":"success"}
{"timestamp":"2026-05-20T02:19:29.269Z","eventType":"quarantine_progress","incidentId":"42769fa5-3dd6-4e76-b012-0ab4e968d2fd","rootPath":"/tmp/team404-integration-JLYcPM","filePath":"/tmp/team404-integration-JLYcPM","result":"success"}
{"timestamp":"2026-05-20T02:19:29.270Z","eventType":"quarantine_progress","incidentId":"42769fa5-3dd6-4e76-b012-0ab4e968d2fd","rootPath":"/tmp/team404-integration-JLYcPM","filePath":"/tmp/team404-integration-JLYcPM/subdir","result":"success"}
{"timestamp":"2026-05-20T02:19:29.271Z","eventType":"quarantine_completed","incidentId":"42769fa5-3dd6-4e76-b012-0ab4e968d2fd","rootPath":"/tmp/team404-integration-JLYcPM","entryCount":4}
{"timestamp":"2026-05-20T02:19:29.271Z","eventType":"restore_requested","incidentId":"42769fa5-3dd6-4e76-b012-0ab4e968d2fd","rootPath":"/tmp/team404-integration-JLYcPM"}
{"timestamp":"2026-05-20T02:19:29.286Z","eventType":"quarantine_progress","incidentId":"42769fa5-3dd6-4e76-b012-0ab4e968d2fd","rootPath":"/tmp/team404-integration-JLYcPM","filePath":"/tmp/team404-integration-JLYcPM","result":"success"}
{"timestamp":"2026-05-20T02:19:29.287Z","eventType":"quarantine_progress","incidentId":"42769fa5-3dd6-4e76-b012-0ab4e968d2fd","rootPath":"/tmp/team404-integration-JLYcPM","filePath":"/tmp/team404-integration-JLYcPM/file1.txt","result":"success"}
{"timestamp":"2026-05-20T02:19:29.288Z","eventType":"quarantine_progress","incidentId":"42769fa5-3dd6-4e76-b012-0ab4e968d2fd","rootPath":"/tmp/team404-integration-JLYcPM","filePath":"/tmp/team404-integration-JLYcPM/subdir","result":"success"}
{"timestamp":"2026-05-20T02:19:29.288Z","eventType":"quarantine_progress","incidentId":"42769fa5-3dd6-4e76-b012-0ab4e968d2fd","rootPath":"/tmp/team404-integration-JLYcPM","filePath":"/tmp/team404-integration-JLYcPM/subdir/file2.txt","result":"success"}
{"timestamp":"2026-05-20T02:19:29.289Z","eventType":"restore_completed","incidentId":"42769fa5-3dd6-4e76-b012-0ab4e968d2fd","rootPath":"/tmp/team404-integration-JLYcPM","entryCount":4}
{"timestamp":"2026-05-20T02:20:11.416Z","eventType":"quarantine_started","incidentId":"6bff47cf-941c-4e91-8f52-8a8d991bdcbc","rootPath":"/tmp/team404-integration-Z6PgGg"}
{"timestamp":"2026-05-20T02:20:11.437Z","eventType":"quarantine_progress","incidentId":"6bff47cf-941c-4e91-8f52-8a8d991bdcbc","rootPath":"/tmp/team404-integration-Z6PgGg","filePath":"/tmp/team404-integration-Z6PgGg/subdir/file2.txt","result":"success"}
{"timestamp":"2026-05-20T02:20:11.437Z","eventType":"quarantine_progress","incidentId":"6bff47cf-941c-4e91-8f52-8a8d991bdcbc","rootPath":"/tmp/team404-integration-Z6PgGg","filePath":"/tmp/team404-integration-Z6PgGg/file1.txt","result":"success"}
{"timestamp":"2026-05-20T02:20:11.437Z","eventType":"quarantine_progress","incidentId":"6bff47cf-941c-4e91-8f52-8a8d991bdcbc","rootPath":"/tmp/team404-integration-Z6PgGg","filePath":"/tmp/team404-integration-Z6PgGg","result":"success"}
{"timestamp":"2026-05-20T02:20:11.437Z","eventType":"quarantine_progress","incidentId":"6bff47cf-941c-4e91-8f52-8a8d991bdcbc","rootPath":"/tmp/team404-integration-Z6PgGg","filePath":"/tmp/team404-integration-Z6PgGg/subdir","result":"success"}
{"timestamp":"2026-05-20T02:20:11.438Z","eventType":"quarantine_completed","incidentId":"6bff47cf-941c-4e91-8f52-8a8d991bdcbc","rootPath":"/tmp/team404-integration-Z6PgGg","entryCount":4}
{"timestamp":"2026-05-20T02:20:11.438Z","eventType":"restore_requested","incidentId":"6bff47cf-941c-4e91-8f52-8a8d991bdcbc","rootPath":"/tmp/team404-integration-Z6PgGg"}
{"timestamp":"2026-05-20T02:20:11.459Z","eventType":"quarantine_progress","incidentId":"6bff47cf-941c-4e91-8f52-8a8d991bdcbc","rootPath":"/tmp/team404-integration-Z6PgGg","filePath":"/tmp/team404-integration-Z6PgGg","result":"success"}
{"timestamp":"2026-05-20T02:20:11.460Z","eventType":"quarantine_progress","incidentId":"6bff47cf-941c-4e91-8f52-8a8d991bdcbc","rootPath":"/tmp/team404-integration-Z6PgGg","filePath":"/tmp/team404-integration-Z6PgGg/file1.txt","result":"success"}
{"timestamp":"2026-05-20T02:20:11.460Z","eventType":"quarantine_progress","incidentId":"6bff47cf-941c-4e91-8f52-8a8d991bdcbc","rootPath":"/tmp/team404-integration-Z6PgGg","filePath":"/tmp/team404-integration-Z6PgGg/subdir","result":"success"}
{"timestamp":"2026-05-20T02:20:11.461Z","eventType":"quarantine_progress","incidentId":"6bff47cf-941c-4e91-8f52-8a8d991bdcbc","rootPath":"/tmp/team404-integration-Z6PgGg","filePath":"/tmp/team404-integration-Z6PgGg/subdir/file2.txt","result":"success"}
{"timestamp":"2026-05-20T02:20:11.462Z","eventType":"restore_completed","incidentId":"6bff47cf-941c-4e91-8f52-8a8d991bdcbc","rootPath":"/tmp/team404-integration-Z6PgGg","entryCount":4}
{"timestamp":"2026-05-20T02:20:54.713Z","eventType":"quarantine_started","incidentId":"32806839-7181-48c7-ace7-b015ad0add34","rootPath":"/tmp/team404-integration-TJoFz2"}
{"timestamp":"2026-05-20T02:20:54.726Z","eventType":"quarantine_progress","incidentId":"32806839-7181-48c7-ace7-b015ad0add34","rootPath":"/tmp/team404-integration-TJoFz2","filePath":"/tmp/team404-integration-TJoFz2/subdir/file2.txt","result":"success"}
{"timestamp":"2026-05-20T02:20:54.727Z","eventType":"quarantine_progress","incidentId":"32806839-7181-48c7-ace7-b015ad0add34","rootPath":"/tmp/team404-integration-TJoFz2","filePath":"/tmp/team404-integration-TJoFz2/file1.txt","result":"success"}
{"timestamp":"2026-05-20T02:20:54.727Z","eventType":"quarantine_progress","incidentId":"32806839-7181-48c7-ace7-b015ad0add34","rootPath":"/tmp/team404-integration-TJoFz2","filePath":"/tmp/team404-integration-TJoFz2","result":"success"}
{"timestamp":"2026-05-20T02:20:54.728Z","eventType":"quarantine_progress","incidentId":"32806839-7181-48c7-ace7-b015ad0add34","rootPath":"/tmp/team404-integration-TJoFz2","filePath":"/tmp/team404-integration-TJoFz2/subdir","result":"success"}
{"timestamp":"2026-05-20T02:20:54.729Z","eventType":"quarantine_completed","incidentId":"32806839-7181-48c7-ace7-b015ad0add34","rootPath":"/tmp/team404-integration-TJoFz2","entryCount":4}
{"timestamp":"2026-05-20T02:20:54.730Z","eventType":"restore_requested","incidentId":"32806839-7181-48c7-ace7-b015ad0add34","rootPath":"/tmp/team404-integration-TJoFz2"}
{"timestamp":"2026-05-20T02:20:54.747Z","eventType":"quarantine_progress","incidentId":"32806839-7181-48c7-ace7-b015ad0add34","rootPath":"/tmp/team404-integration-TJoFz2","filePath":"/tmp/team404-integration-TJoFz2","result":"success"}
{"timestamp":"2026-05-20T02:20:54.748Z","eventType":"quarantine_progress","incidentId":"32806839-7181-48c7-ace7-b015ad0add34","rootPath":"/tmp/team404-integration-TJoFz2","filePath":"/tmp/team404-integration-TJoFz2/file1.txt","result":"success"}
{"timestamp":"2026-05-20T02:20:54.749Z","eventType":"quarantine_progress","incidentId":"32806839-7181-48c7-ace7-b015ad0add34","rootPath":"/tmp/team404-integration-TJoFz2","filePath":"/tmp/team404-integration-TJoFz2/subdir","result":"success"}
{"timestamp":"2026-05-20T02:20:54.749Z","eventType":"quarantine_progress","incidentId":"32806839-7181-48c7-ace7-b015ad0add34","rootPath":"/tmp/team404-integration-TJoFz2","filePath":"/tmp/team404-integration-TJoFz2/subdir/file2.txt","result":"success"}
{"timestamp":"2026-05-20T02:20:54.749Z","eventType":"restore_completed","incidentId":"32806839-7181-48c7-ace7-b015ad0add34","rootPath":"/tmp/team404-integration-TJoFz2","entryCount":4}
{"timestamp":"2026-05-20T02:22:15.361Z","eventType":"quarantine_started","incidentId":"5f627c49-8d75-4ceb-9d97-d888bed0de32","rootPath":"/tmp/team404-integration-UMMag3"}
{"timestamp":"2026-05-20T02:22:15.378Z","eventType":"quarantine_progress","incidentId":"5f627c49-8d75-4ceb-9d97-d888bed0de32","rootPath":"/tmp/team404-integration-UMMag3","filePath":"/tmp/team404-integration-UMMag3/subdir/file2.txt","result":"success"}
{"timestamp":"2026-05-20T02:22:15.379Z","eventType":"quarantine_progress","incidentId":"5f627c49-8d75-4ceb-9d97-d888bed0de32","rootPath":"/tmp/team404-integration-UMMag3","filePath":"/tmp/team404-integration-UMMag3/file1.txt","result":"success"}
{"timestamp":"2026-05-20T02:22:15.379Z","eventType":"quarantine_progress","incidentId":"5f627c49-8d75-4ceb-9d97-d888bed0de32","rootPath":"/tmp/team404-integration-UMMag3","filePath":"/tmp/team404-integration-UMMag3","result":"success"}
{"timestamp":"2026-05-20T02:22:15.379Z","eventType":"quarantine_progress","incidentId":"5f627c49-8d75-4ceb-9d97-d888bed0de32","rootPath":"/tmp/team404-integration-UMMag3","filePath":"/tmp/team404-integration-UMMag3/subdir","result":"success"}
{"timestamp":"2026-05-20T02:22:15.380Z","eventType":"quarantine_completed","incidentId":"5f627c49-8d75-4ceb-9d97-d888bed0de32","rootPath":"/tmp/team404-integration-UMMag3","entryCount":4}
{"timestamp":"2026-05-20T02:22:15.380Z","eventType":"restore_requested","incidentId":"5f627c49-8d75-4ceb-9d97-d888bed0de32","rootPath":"/tmp/team404-integration-UMMag3"}
{"timestamp":"2026-05-20T02:22:15.412Z","eventType":"quarantine_started","incidentId":"55b87d99-5623-45f1-b92e-2b80f8bb8a02","rootPath":"/tmp/team404-integration-pAP56h"}
{"timestamp":"2026-05-20T02:22:15.416Z","eventType":"quarantine_progress","incidentId":"5f627c49-8d75-4ceb-9d97-d888bed0de32","rootPath":"/tmp/team404-integration-UMMag3","filePath":"/tmp/team404-integration-UMMag3","result":"success"}
{"timestamp":"2026-05-20T02:22:15.417Z","eventType":"quarantine_progress","incidentId":"5f627c49-8d75-4ceb-9d97-d888bed0de32","rootPath":"/tmp/team404-integration-UMMag3","filePath":"/tmp/team404-integration-UMMag3/file1.txt","result":"success"}
{"timestamp":"2026-05-20T02:22:15.417Z","eventType":"quarantine_progress","incidentId":"5f627c49-8d75-4ceb-9d97-d888bed0de32","rootPath":"/tmp/team404-integration-UMMag3","filePath":"/tmp/team404-integration-UMMag3/subdir","result":"success"}
{"timestamp":"2026-05-20T02:22:15.418Z","eventType":"quarantine_progress","incidentId":"5f627c49-8d75-4ceb-9d97-d888bed0de32","rootPath":"/tmp/team404-integration-UMMag3","filePath":"/tmp/team404-integration-UMMag3/subdir/file2.txt","result":"success"}
{"timestamp":"2026-05-20T02:22:15.418Z","eventType":"restore_completed","incidentId":"5f627c49-8d75-4ceb-9d97-d888bed0de32","rootPath":"/tmp/team404-integration-UMMag3","entryCount":4}
{"timestamp":"2026-05-20T02:22:15.428Z","eventType":"quarantine_progress","incidentId":"55b87d99-5623-45f1-b92e-2b80f8bb8a02","rootPath":"/tmp/team404-integration-pAP56h","filePath":"/tmp/team404-integration-pAP56h/subdir/file2.txt","result":"success"}
{"timestamp":"2026-05-20T02:22:15.428Z","eventType":"quarantine_progress","incidentId":"55b87d99-5623-45f1-b92e-2b80f8bb8a02","rootPath":"/tmp/team404-integration-pAP56h","filePath":"/tmp/team404-integration-pAP56h/file1.txt","result":"success"}
{"timestamp":"2026-05-20T02:22:15.429Z","eventType":"quarantine_progress","incidentId":"55b87d99-5623-45f1-b92e-2b80f8bb8a02","rootPath":"/tmp/team404-integration-pAP56h","filePath":"/tmp/team404-integration-pAP56h","result":"success"}
{"timestamp":"2026-05-20T02:22:15.429Z","eventType":"quarantine_progress","incidentId":"55b87d99-5623-45f1-b92e-2b80f8bb8a02","rootPath":"/tmp/team404-integration-pAP56h","filePath":"/tmp/team404-integration-pAP56h/subdir","result":"success"}
{"timestamp":"2026-05-20T02:22:15.430Z","eventType":"quarantine_completed","incidentId":"55b87d99-5623-45f1-b92e-2b80f8bb8a02","rootPath":"/tmp/team404-integration-pAP56h","entryCount":4}
{"timestamp":"2026-05-20T02:22:15.430Z","eventType":"restore_requested","incidentId":"55b87d99-5623-45f1-b92e-2b80f8bb8a02","rootPath":"/tmp/team404-integration-pAP56h"}
{"timestamp":"2026-05-20T02:22:15.444Z","eventType":"quarantine_progress","incidentId":"55b87d99-5623-45f1-b92e-2b80f8bb8a02","rootPath":"/tmp/team404-integration-pAP56h","filePath":"/tmp/team404-integration-pAP56h","result":"success"}
{"timestamp":"2026-05-20T02:22:15.444Z","eventType":"quarantine_progress","incidentId":"55b87d99-5623-45f1-b92e-2b80f8bb8a02","rootPath":"/tmp/team404-integration-pAP56h","filePath":"/tmp/team404-integration-pAP56h/file1.txt","result":"success"}
{"timestamp":"2026-05-20T02:22:15.445Z","eventType":"quarantine_progress","incidentId":"55b87d99-5623-45f1-b92e-2b80f8bb8a02","rootPath":"/tmp/team404-integration-pAP56h","filePath":"/tmp/team404-integration-pAP56h/subdir","result":"success"}
{"timestamp":"2026-05-20T02:22:15.445Z","eventType":"quarantine_progress","incidentId":"55b87d99-5623-45f1-b92e-2b80f8bb8a02","rootPath":"/tmp/team404-integration-pAP56h","filePath":"/tmp/team404-integration-pAP56h/subdir/file2.txt","result":"success"}
{"timestamp":"2026-05-20T02:22:15.446Z","eventType":"restore_completed","incidentId":"55b87d99-5623-45f1-b92e-2b80f8bb8a02","rootPath":"/tmp/team404-integration-pAP56h","entryCount":4}
{"timestamp":"2026-05-20T02:28:21.217Z","eventType":"quarantine_started","incidentId":"1db2c009-e33e-40ab-ba5b-fc28f09128fc","rootPath":"/tmp/team404-integration-iN0qy5"}
{"timestamp":"2026-05-20T02:28:21.232Z","eventType":"quarantine_progress","incidentId":"1db2c009-e33e-40ab-ba5b-fc28f09128fc","rootPath":"/tmp/team404-integration-iN0qy5","filePath":"/tmp/team404-integration-iN0qy5/subdir/file2.txt","result":"success"}
{"timestamp":"2026-05-20T02:28:21.233Z","eventType":"quarantine_progress","incidentId":"1db2c009-e33e-40ab-ba5b-fc28f09128fc","rootPath":"/tmp/team404-integration-iN0qy5","filePath":"/tmp/team404-integration-iN0qy5/file1.txt","result":"success"}
{"timestamp":"2026-05-20T02:28:21.233Z","eventType":"quarantine_progress","incidentId":"1db2c009-e33e-40ab-ba5b-fc28f09128fc","rootPath":"/tmp/team404-integration-iN0qy5","filePath":"/tmp/team404-integration-iN0qy5","result":"success"}
{"timestamp":"2026-05-20T02:28:21.233Z","eventType":"quarantine_progress","incidentId":"1db2c009-e33e-40ab-ba5b-fc28f09128fc","rootPath":"/tmp/team404-integration-iN0qy5","filePath":"/tmp/team404-integration-iN0qy5/subdir","result":"success"}
{"timestamp":"2026-05-20T02:28:21.233Z","eventType":"quarantine_completed","incidentId":"1db2c009-e33e-40ab-ba5b-fc28f09128fc","rootPath":"/tmp/team404-integration-iN0qy5","entryCount":4}
{"timestamp":"2026-05-20T02:28:21.233Z","eventType":"restore_requested","incidentId":"1db2c009-e33e-40ab-ba5b-fc28f09128fc","rootPath":"/tmp/team404-integration-iN0qy5"}
{"timestamp":"2026-05-20T02:28:21.251Z","eventType":"quarantine_progress","incidentId":"1db2c009-e33e-40ab-ba5b-fc28f09128fc","rootPath":"/tmp/team404-integration-iN0qy5","filePath":"/tmp/team404-integration-iN0qy5","result":"success"}
{"timestamp":"2026-05-20T02:28:21.252Z","eventType":"quarantine_progress","incidentId":"1db2c009-e33e-40ab-ba5b-fc28f09128fc","rootPath":"/tmp/team404-integration-iN0qy5","filePath":"/tmp/team404-integration-iN0qy5/file1.txt","result":"success"}
{"timestamp":"2026-05-20T02:28:21.253Z","eventType":"quarantine_progress","incidentId":"1db2c009-e33e-40ab-ba5b-fc28f09128fc","rootPath":"/tmp/team404-integration-iN0qy5","filePath":"/tmp/team404-integration-iN0qy5/subdir","result":"success"}
{"timestamp":"2026-05-20T02:28:21.255Z","eventType":"quarantine_progress","incidentId":"1db2c009-e33e-40ab-ba5b-fc28f09128fc","rootPath":"/tmp/team404-integration-iN0qy5","filePath":"/tmp/team404-integration-iN0qy5/subdir/file2.txt","result":"success"}
{"timestamp":"2026-05-20T02:28:21.257Z","eventType":"restore_completed","incidentId":"1db2c009-e33e-40ab-ba5b-fc28f09128fc","rootPath":"/tmp/team404-integration-iN0qy5","entryCount":4}
{"timestamp":"2026-05-20T02:32:31.471Z","eventType":"quarantine_started","incidentId":"189cfd3a-1fef-4c2c-bf3f-694022538cc5","rootPath":"/tmp/team404-integration-svXmEf"}
{"timestamp":"2026-05-20T02:32:31.486Z","eventType":"quarantine_progress","incidentId":"189cfd3a-1fef-4c2c-bf3f-694022538cc5","rootPath":"/tmp/team404-integration-svXmEf","filePath":"/tmp/team404-integration-svXmEf/subdir/file2.txt","result":"success"}
{"timestamp":"2026-05-20T02:32:31.490Z","eventType":"quarantine_progress","incidentId":"189cfd3a-1fef-4c2c-bf3f-694022538cc5","rootPath":"/tmp/team404-integration-svXmEf","filePath":"/tmp/team404-integration-svXmEf/file1.txt","result":"success"}
{"timestamp":"2026-05-20T02:32:31.490Z","eventType":"quarantine_progress","incidentId":"189cfd3a-1fef-4c2c-bf3f-694022538cc5","rootPath":"/tmp/team404-integration-svXmEf","filePath":"/tmp/team404-integration-svXmEf","result":"success"}
{"timestamp":"2026-05-20T02:32:31.491Z","eventType":"quarantine_progress","incidentId":"189cfd3a-1fef-4c2c-bf3f-694022538cc5","rootPath":"/tmp/team404-integration-svXmEf","filePath":"/tmp/team404-integration-svXmEf/subdir","result":"success"}
{"timestamp":"2026-05-20T02:32:31.491Z","eventType":"quarantine_completed","incidentId":"189cfd3a-1fef-4c2c-bf3f-694022538cc5","rootPath":"/tmp/team404-integration-svXmEf","entryCount":4}
{"timestamp":"2026-05-20T02:32:31.491Z","eventType":"restore_requested","incidentId":"189cfd3a-1fef-4c2c-bf3f-694022538cc5","rootPath":"/tmp/team404-integration-svXmEf"}
{"timestamp":"2026-05-20T02:32:31.508Z","eventType":"quarantine_progress","incidentId":"189cfd3a-1fef-4c2c-bf3f-694022538cc5","rootPath":"/tmp/team404-integration-svXmEf","filePath":"/tmp/team404-integration-svXmEf","result":"success"}
{"timestamp":"2026-05-20T02:32:31.509Z","eventType":"quarantine_progress","incidentId":"189cfd3a-1fef-4c2c-bf3f-694022538cc5","rootPath":"/tmp/team404-integration-svXmEf","filePath":"/tmp/team404-integration-svXmEf/file1.txt","result":"success"}
{"timestamp":"2026-05-20T02:32:31.509Z","eventType":"quarantine_progress","incidentId":"189cfd3a-1fef-4c2c-bf3f-694022538cc5","rootPath":"/tmp/team404-integration-svXmEf","filePath":"/tmp/team404-integration-svXmEf/subdir","result":"success"}
{"timestamp":"2026-05-20T02:32:31.510Z","eventType":"quarantine_progress","incidentId":"189cfd3a-1fef-4c2c-bf3f-694022538cc5","rootPath":"/tmp/team404-integration-svXmEf","filePath":"/tmp/team404-integration-svXmEf/subdir/file2.txt","result":"success"}
{"timestamp":"2026-05-20T02:32:31.510Z","eventType":"restore_completed","incidentId":"189cfd3a-1fef-4c2c-bf3f-694022538cc5","rootPath":"/tmp/team404-integration-svXmEf","entryCount":4}
{"timestamp":"2026-05-20T02:35:22.956Z","eventType":"quarantine_started","incidentId":"f18c4953-8cf1-41ba-8067-22b9fda923a9","rootPath":"/tmp/team404-integration-9D2DPr"}
{"timestamp":"2026-05-20T02:35:22.970Z","eventType":"quarantine_progress","incidentId":"f18c4953-8cf1-41ba-8067-22b9fda923a9","rootPath":"/tmp/team404-integration-9D2DPr","filePath":"/tmp/team404-integration-9D2DPr/subdir/file2.txt","result":"success"}
{"timestamp":"2026-05-20T02:35:22.970Z","eventType":"quarantine_progress","incidentId":"f18c4953-8cf1-41ba-8067-22b9fda923a9","rootPath":"/tmp/team404-integration-9D2DPr","filePath":"/tmp/team404-integration-9D2DPr/file1.txt","result":"success"}
{"timestamp":"2026-05-20T02:35:22.971Z","eventType":"quarantine_progress","incidentId":"f18c4953-8cf1-41ba-8067-22b9fda923a9","rootPath":"/tmp/team404-integration-9D2DPr","filePath":"/tmp/team404-integration-9D2DPr","result":"success"}
{"timestamp":"2026-05-20T02:35:22.971Z","eventType":"quarantine_progress","incidentId":"f18c4953-8cf1-41ba-8067-22b9fda923a9","rootPath":"/tmp/team404-integration-9D2DPr","filePath":"/tmp/team404-integration-9D2DPr/subdir","result":"success"}
{"timestamp":"2026-05-20T02:35:22.973Z","eventType":"quarantine_completed","incidentId":"f18c4953-8cf1-41ba-8067-22b9fda923a9","rootPath":"/tmp/team404-integration-9D2DPr","entryCount":4}
{"timestamp":"2026-05-20T02:35:22.973Z","eventType":"restore_requested","incidentId":"f18c4953-8cf1-41ba-8067-22b9fda923a9","rootPath":"/tmp/team404-integration-9D2DPr"}
{"timestamp":"2026-05-20T02:35:22.988Z","eventType":"quarantine_progress","incidentId":"f18c4953-8cf1-41ba-8067-22b9fda923a9","rootPath":"/tmp/team404-integration-9D2DPr","filePath":"/tmp/team404-integration-9D2DPr","result":"success"}
{"timestamp":"2026-05-20T02:35:22.989Z","eventType":"quarantine_progress","incidentId":"f18c4953-8cf1-41ba-8067-22b9fda923a9","rootPath":"/tmp/team404-integration-9D2DPr","filePath":"/tmp/team404-integration-9D2DPr/file1.txt","result":"success"}
{"timestamp":"2026-05-20T02:35:22.990Z","eventType":"quarantine_progress","incidentId":"f18c4953-8cf1-41ba-8067-22b9fda923a9","rootPath":"/tmp/team404-integration-9D2DPr","filePath":"/tmp/team404-integration-9D2DPr/subdir","result":"success"}
{"timestamp":"2026-05-20T02:35:22.990Z","eventType":"quarantine_progress","incidentId":"f18c4953-8cf1-41ba-8067-22b9fda923a9","rootPath":"/tmp/team404-integration-9D2DPr","filePath":"/tmp/team404-integration-9D2DPr/subdir/file2.txt","result":"success"}
{"timestamp":"2026-05-20T02:35:22.991Z","eventType":"restore_completed","incidentId":"f18c4953-8cf1-41ba-8067-22b9fda923a9","rootPath":"/tmp/team404-integration-9D2DPr","entryCount":4}
